This is pdfTeX, Version 3.1415926-1.40.10 (MiKTeX 2.8) (preloaded format=pdflatex 2012.5.2)  30 AUG 2012 16:43
entering extended mode
**C:/Users/eric/Dropbox/svn/trunk/users/Eric.Davis/WeeklyReports/Final*report.t
ex

("C:/Users/eric/Dropbox/svn/trunk/users/Eric.Davis/WeeklyReports/Final report.t
ex"
LaTeX2e <2009/09/24>
Babel <v3.8l> and hyphenation patterns for english, dumylang, nohyphenation, ge
rman, ngerman, german-x-2009-06-19, ngerman-x-2009-06-19, french, loaded.
("C:\Program Files (x86)\MiKTeX 2.8\tex\latex\base\article.cls"
Document Class: article 2007/10/19 v1.4h Standard LaTeX document class
("C:\Program Files (x86)\MiKTeX 2.8\tex\latex\base\size11.clo"
File: size11.clo 2007/10/19 v1.4h Standard LaTeX file (size option)
)
\c@part=\count79
\c@section=\count80
\c@subsection=\count81
\c@subsubsection=\count82
\c@paragraph=\count83
\c@subparagraph=\count84
\c@figure=\count85
\c@table=\count86
\abovecaptionskip=\skip41
\belowcaptionskip=\skip42
\bibindent=\dimen102
)
("C:\Program Files (x86)\MiKTeX 2.8\tex\latex\graphics\graphicx.sty"
Package: graphicx 1999/02/16 v1.0f Enhanced LaTeX Graphics (DPC,SPQR)

("C:\Program Files (x86)\MiKTeX 2.8\tex\latex\graphics\keyval.sty"
Package: keyval 1999/03/16 v1.13 key=value parser (DPC)
\KV@toks@=\toks14
)
("C:\Program Files (x86)\MiKTeX 2.8\tex\latex\graphics\graphics.sty"
Package: graphics 2009/02/05 v1.0o Standard LaTeX Graphics (DPC,SPQR)

("C:\Program Files (x86)\MiKTeX 2.8\tex\latex\graphics\trig.sty"
Package: trig 1999/03/16 v1.09 sin cos tan (DPC)
)
("C:\Program Files (x86)\MiKTeX 2.8\tex\latex\00miktex\graphics.cfg"
File: graphics.cfg 2007/01/18 v1.5 graphics configuration of teTeX/TeXLive
)
Package graphics Info: Driver file: pdftex.def on input line 91.

("C:\Program Files (x86)\MiKTeX 2.8\tex\latex\pdftex-def\pdftex.def"
File: pdftex.def 2010/02/14 v0.04n Graphics/color for pdfTeX
\Gread@gobject=\count87
))
\Gin@req@height=\dimen103
\Gin@req@width=\dimen104
)
("C:\Program Files (x86)\MiKTeX 2.8\tex\latex\graphics\epsfig.sty"
Package: epsfig 1999/02/16 v1.7a (e)psfig emulation (SPQR)
\epsfxsize=\dimen105
\epsfysize=\dimen106
)
("C:\Program Files (x86)\MiKTeX 2.8\tex\latex\ams\math\amsmath.sty"
Package: amsmath 2000/07/18 v2.13 AMS math features
\@mathmargin=\skip43

For additional information on amsmath, use the `?' option.
("C:\Program Files (x86)\MiKTeX 2.8\tex\latex\ams\math\amstext.sty"
Package: amstext 2000/06/29 v2.01

("C:\Program Files (x86)\MiKTeX 2.8\tex\latex\ams\math\amsgen.sty"
File: amsgen.sty 1999/11/30 v2.0
\@emptytoks=\toks15
\ex@=\dimen107
))
("C:\Program Files (x86)\MiKTeX 2.8\tex\latex\ams\math\amsbsy.sty"
Package: amsbsy 1999/11/29 v1.2d
\pmbraise@=\dimen108
)
("C:\Program Files (x86)\MiKTeX 2.8\tex\latex\ams\math\amsopn.sty"
Package: amsopn 1999/12/14 v2.01 operator names
)
\inf@bad=\count88
LaTeX Info: Redefining \frac on input line 211.
\uproot@=\count89
\leftroot@=\count90
LaTeX Info: Redefining \overline on input line 307.
\classnum@=\count91
\DOTSCASE@=\count92
LaTeX Info: Redefining \ldots on input line 379.
LaTeX Info: Redefining \dots on input line 382.
LaTeX Info: Redefining \cdots on input line 467.
\Mathstrutbox@=\box26
\strutbox@=\box27
\big@size=\dimen109
LaTeX Font Info:    Redeclaring font encoding OML on input line 567.
LaTeX Font Info:    Redeclaring font encoding OMS on input line 568.
\macc@depth=\count93
\c@MaxMatrixCols=\count94
\dotsspace@=\muskip10
\c@parentequation=\count95
\dspbrk@lvl=\count96
\tag@help=\toks16
\row@=\count97
\column@=\count98
\maxfields@=\count99
\andhelp@=\toks17
\eqnshift@=\dimen110
\alignsep@=\dimen111
\tagshift@=\dimen112
\tagwidth@=\dimen113
\totwidth@=\dimen114
\lineht@=\dimen115
\@envbody=\toks18
\multlinegap=\skip44
\multlinetaggap=\skip45
\mathdisplay@stack=\toks19
LaTeX Info: Redefining \[ on input line 2666.
LaTeX Info: Redefining \] on input line 2667.
)
("C:\Program Files (x86)\MiKTeX 2.8\tex\latex\amsfonts\amssymb.sty"
Package: amssymb 2009/06/22 v3.00

("C:\Program Files (x86)\MiKTeX 2.8\tex\latex\amsfonts\amsfonts.sty"
Package: amsfonts 2009/06/22 v3.00 Basic AMSFonts support
\symAMSa=\mathgroup4
\symAMSb=\mathgroup5
LaTeX Font Info:    Overwriting math alphabet `\mathfrak' in version `bold'
(Font)                  U/euf/m/n --> U/euf/b/n on input line 96.
))
("C:\Program Files (x86)\MiKTeX 2.8\tex\latex\base\latexsym.sty"
Package: latexsym 1998/08/17 v2.2e Standard LaTeX package (lasy symbols)
\symlasy=\mathgroup6
LaTeX Font Info:    Overwriting symbol font `lasy' in version `bold'
(Font)                  U/lasy/m/n --> U/lasy/b/n on input line 47.
)
("C:\Program Files (x86)\MiKTeX 2.8\tex\generic\babel\babel.sty"
Package: babel 2008/07/06 v3.8l The Babel package

*************************************
* Local config file bblopts.cfg used
*
("C:\Program Files (x86)\MiKTeX 2.8\tex\latex\00miktex\bblopts.cfg"
File: bblopts.cfg 2006/07/31 v1.0 MiKTeX 'babel' configuration
)
("C:\Program Files (x86)\MiKTeX 2.8\tex\generic\babel\english.ldf"
Language: english 2005/03/30 v3.3o English support from the babel system

("C:\Program Files (x86)\MiKTeX 2.8\tex\generic\babel\babel.def"
File: babel.def 2008/07/06 v3.8l Babel common definitions
\babel@savecnt=\count100
\U@D=\dimen116
)
\l@canadian = a dialect from \language\l@american 
\l@australian = a dialect from \language\l@british 
\l@newzealand = a dialect from \language\l@british 
))
("C:\Users\eric\Dropbox\svn\trunk\users\Eric.Davis\WeeklyReports\Final report.a
ux")
LaTeX Font Info:    Checking defaults for OML/cmm/m/it on input line 28.
LaTeX Font Info:    ... okay on input line 28.
LaTeX Font Info:    Checking defaults for T1/cmr/m/n on input line 28.
LaTeX Font Info:    ... okay on input line 28.
LaTeX Font Info:    Checking defaults for OT1/cmr/m/n on input line 28.
LaTeX Font Info:    ... okay on input line 28.
LaTeX Font Info:    Checking defaults for OMS/cmsy/m/n on input line 28.
LaTeX Font Info:    ... okay on input line 28.
LaTeX Font Info:    Checking defaults for OMX/cmex/m/n on input line 28.
LaTeX Font Info:    ... okay on input line 28.
LaTeX Font Info:    Checking defaults for U/cmr/m/n on input line 28.
LaTeX Font Info:    ... okay on input line 28.
 ("C:\Program Files (x86)\MiKTeX 2.8\tex\context\base\supp-pdf.tex"
[Loading MPS to PDF converter (version 2006.09.02).]
\scratchcounter=\count101
\scratchdimen=\dimen117
\scratchbox=\box28
\nofMPsegments=\count102
\nofMParguments=\count103
\everyMPshowfont=\toks20
\MPscratchCnt=\count104
\MPscratchDim=\dimen118
\MPnumerator=\count105
\everyMPtoPDFconversion=\toks21
)
LaTeX Font Info:    Try loading font information for U+msa on input line 29.
 ("C:\Program Files (x86)\MiKTeX 2.8\tex\latex\amsfonts\umsa.fd"
File: umsa.fd 2009/06/22 v3.00 AMS symbols A
)
LaTeX Font Info:    Try loading font information for U+msb on input line 29.

("C:\Program Files (x86)\MiKTeX 2.8\tex\latex\amsfonts\umsb.fd"
File: umsb.fd 2009/06/22 v3.00 AMS symbols B
)
LaTeX Font Info:    Try loading font information for U+lasy on input line 29.

("C:\Program Files (x86)\MiKTeX 2.8\tex\latex\base\ulasy.fd"
File: ulasy.fd 1998/08/17 v2.2e LaTeX symbol font definitions
)
<fortsmith_1106_timeprofile.jpg, id=1, 734.745pt x 435.12563pt>
File: fortsmith_1106_timeprofile.jpg Graphic file (type jpg)

<use fortsmith_1106_timeprofile.jpg>
<gillam_with_avg_fill_vs_original_fill.jpg, id=2, 738.50906pt x 879.285pt>
File: gillam_with_avg_fill_vs_original_fill.jpg Graphic file (type jpg)

<use gillam_with_avg_fill_vs_original_fill.jpg>

LaTeX Warning: `!h' float specifier changed to `!ht'.

[1

{C:/ProgramData/MiKTeX/2.8/pdftex/config/pdftex.map}]
<spaceprofile_athabasca_1215.jpg, id=18, 734.745pt x 435.12563pt>
File: spaceprofile_athabasca_1215.jpg Graphic file (type jpg)

<use spaceprofile_athabasca_1215.jpg>

LaTeX Warning: `!h' float specifier changed to `!ht'.

<filter0_FWHM.jpg, id=19, 439.6425pt x 248.42813pt>
File: filter0_FWHM.jpg Graphic file (type jpg)
 <use filter0_FWHM.jpg>

LaTeX Warning: `!h' float specifier changed to `!ht'.

<filter1_FWHM.jpg, id=20, 435.12563pt x 255.20343pt>
File: filter1_FWHM.jpg Graphic file (type jpg)
 <use filter1_FWHM.jpg>

LaTeX Warning: `!h' float specifier changed to `!ht'.

<filter2_FWHM.jpg, id=21, 429.10312pt x 249.18094pt>
File: filter2_FWHM.jpg Graphic file (type jpg)
 <use filter2_FWHM.jpg>

LaTeX Warning: `!h' float specifier changed to `!ht'.

<filter3_FWHM.jpg, id=22, 431.36156pt x 247.67531pt>
File: filter3_FWHM.jpg Graphic file (type jpg)
 <use filter3_FWHM.jpg>

LaTeX Warning: `!h' float specifier changed to `!ht'.

<filter4_FWHM.jpg, id=23, 429.85594pt x 249.93375pt>
File: filter4_FWHM.jpg Graphic file (type jpg)
 <use filter4_FWHM.jpg>

LaTeX Warning: `!h' float specifier changed to `!ht'.

<filter5_FWHM.jpg, id=24, 426.84468pt x 252.19218pt>
File: filter5_FWHM.jpg Graphic file (type jpg)
 <use filter5_FWHM.jpg>

LaTeX Warning: `!h' float specifier changed to `!ht'.

<filter7_FWHM.jpg, id=25, 426.84468pt x 252.945pt>
File: filter7_FWHM.jpg Graphic file (type jpg)
 <use filter7_FWHM.jpg>

LaTeX Warning: `!h' float specifier changed to `!ht'.

[2 <C:/Users/eric/Dropbox/svn/trunk/users/Eric.Davis/WeeklyReports/fortsmith_11
06_timeprofile.jpg>] [3 <C:/Users/eric/Dropbox/svn/trunk/users/Eric.Davis/Weekl
yReports/gillam_with_avg_fill_vs_original_fill.jpg>]

LaTeX Warning: Text page 4 contains only floats.

[4 <C:/Users/eric/Dropbox/svn/trunk/users/Eric.Davis/WeeklyReports/spaceprofile
_athabasca_1215.jpg> <C:/Users/eric/Dropbox/svn/trunk/users/Eric.Davis/WeeklyRe
ports/filter0_FWHM.jpg>] [5 <C:/Users/eric/Dropbox/svn/trunk/users/Eric.Davis/W
eeklyReports/filter1_FWHM.jpg> <C:/Users/eric/Dropbox/svn/trunk/users/Eric.Davi
s/WeeklyReports/filter2_FWHM.jpg>]
<fortsmith_AltAz_comparison.jpg, id=39, 435.87843pt x 284.56313pt>
File: fortsmith_AltAz_comparison.jpg Graphic file (type jpg)

<use fortsmith_AltAz_comparison.jpg>

LaTeX Warning: `!h' float specifier changed to `!ht'.

<gillam_AltAz_comparison.jpg, id=40, 455.45157pt x 279.29344pt>
File: gillam_AltAz_comparison.jpg Graphic file (type jpg)

<use gillam_AltAz_comparison.jpg>

LaTeX Warning: `!h' float specifier changed to `!ht'.

<athabasca_AltAz_comparison.jpg, id=41, 435.87843pt x 283.81032pt>
File: athabasca_AltAz_comparison.jpg Graphic file (type jpg)

<use athabasca_AltAz_comparison.jpg>

LaTeX Warning: `!h' float specifier changed to `!ht'.

<pinawa_AltAz_comparison.jpg, id=42, 452.4403pt x 276.28218pt>
File: pinawa_AltAz_comparison.jpg Graphic file (type jpg)

<use pinawa_AltAz_comparison.jpg>

LaTeX Warning: `!h' float specifier changed to `!ht'.

[6 <C:/Users/eric/Dropbox/svn/trunk/users/Eric.Davis/WeeklyReports/filter3_FWHM
.jpg> <C:/Users/eric/Dropbox/svn/trunk/users/Eric.Davis/WeeklyReports/filter4_F
WHM.jpg>] [7 <C:/Users/eric/Dropbox/svn/trunk/users/Eric.Davis/WeeklyReports/fi
lter5_FWHM.jpg> <C:/Users/eric/Dropbox/svn/trunk/users/Eric.Davis/WeeklyReports
/filter7_FWHM.jpg>] [8 <C:/Users/eric/Dropbox/svn/trunk/users/Eric.Davis/Weekly
Reports/fortsmith_AltAz_comparison.jpg> <C:/Users/eric/Dropbox/svn/trunk/users/
Eric.Davis/WeeklyReports/gillam_AltAz_comparison.jpg>]
LaTeX Font Info:    Try loading font information for OML+cmr on input line 144.


("C:\Program Files (x86)\MiKTeX 2.8\tex\latex\base\omlcmr.fd"
File: omlcmr.fd 1999/05/25 v2.5h Standard LaTeX font definitions
)
LaTeX Font Info:    Font shape `OML/cmr/m/n' in size <10.95> not available
(Font)              Font shape `OML/cmm/m/it' tried instead on input line 144.
 [9 <C:/Users/eric/Dropbox/svn/trunk/users/Eric.Davis/WeeklyReports/athabasca_A
ltAz_comparison.jpg> <C:/Users/eric/Dropbox/svn/trunk/users/Eric.Davis/WeeklyRe
ports/pinawa_AltAz_comparison.jpg>] [10] [11]
("C:\Users\eric\Dropbox\svn\trunk\users\Eric.Davis\WeeklyReports\Final report.a
ux") ) 
Here is how much of TeX's memory you used:
 2239 strings out of 495285
 28793 string characters out of 3179882
 82699 words of memory out of 3000000
 5412 multiletter control sequences out of 15000+200000
 11468 words of font info for 46 fonts, out of 3000000 for 9000
 14 hyphenation exceptions out of 8191
 27i,7n,24p,1628b,204s stack positions out of 5000i,500n,10000p,200000b,50000s
<C:/Program Files (x86)/MiKTeX 2.8/fonts/type1/public/amsfonts/cm/cmbx12.
pfb><C:/Program Files (x86)/MiKTeX 2.8/fonts/type1/public/amsfonts/cm/cmex10.pf
b><C:/Program Files (x86)/MiKTeX 2.8/fonts/type1/public/amsfonts/cm/cmmi10.pfb>
<C:/Program Files (x86)/MiKTeX 2.8/fonts/type1/public/amsfonts/cm/cmmi6.pfb><C:
/Program Files (x86)/MiKTeX 2.8/fonts/type1/public/amsfonts/cm/cmr10.pfb><C:/Pr
ogram Files (x86)/MiKTeX 2.8/fonts/type1/public/amsfonts/cm/cmr12.pfb><C:/Progr
am Files (x86)/MiKTeX 2.8/fonts/type1/public/amsfonts/cm/cmr17.pfb><C:/Program 
Files (x86)/MiKTeX 2.8/fonts/type1/public/amsfonts/cm/cmr6.pfb><C:/Program File
s (x86)/MiKTeX 2.8/fonts/type1/public/amsfonts/cm/cmr8.pfb><C:/Program Files (x
86)/MiKTeX 2.8/fonts/type1/public/amsfonts/cm/cmsy10.pfb><C:/Program Files (x86
)/MiKTeX 2.8/fonts/type1/public/amsfonts/cm/cmsy6.pfb><C:/Program Files (x86)/M
iKTeX 2.8/fonts/type1/public/amsfonts/cm/cmsy8.pfb>
Output written on "Final report.pdf" (11 pages, 740893 bytes).
PDF statistics:
 100 PDF objects out of 1000 (max. 8388607)
 0 named destinations out of 1000 (max. 500000)
 71 words of extra memory for PDF output out of 10000 (max. 10000000)

