This is pdfTeX, Version 3.1415926-1.40.10 (MiKTeX 2.8) (preloaded format=pdflatex 2012.5.2)  3 AUG 2012 14:24
entering extended mode
**C:/Users/eric/Dropbox/svn/trunk/users/Eric.Davis/WeeklyReports/weekly*report*
july*27th.tex

("C:/Users/eric/Dropbox/svn/trunk/users/Eric.Davis/WeeklyReports/weekly report 
july 27th.tex"
LaTeX2e <2009/09/24>
Babel <v3.8l> and hyphenation patterns for english, dumylang, nohyphenation, ge
rman, ngerman, german-x-2009-06-19, ngerman-x-2009-06-19, french, loaded.
("C:\Program Files (x86)\MiKTeX 2.8\tex\latex\base\article.cls"
Document Class: article 2007/10/19 v1.4h Standard LaTeX document class
("C:\Program Files (x86)\MiKTeX 2.8\tex\latex\base\size11.clo"
File: size11.clo 2007/10/19 v1.4h Standard LaTeX file (size option)
)
\c@part=\count79
\c@section=\count80
\c@subsection=\count81
\c@subsubsection=\count82
\c@paragraph=\count83
\c@subparagraph=\count84
\c@figure=\count85
\c@table=\count86
\abovecaptionskip=\skip41
\belowcaptionskip=\skip42
\bibindent=\dimen102
)
("C:\Program Files (x86)\MiKTeX 2.8\tex\latex\graphics\graphicx.sty"
Package: graphicx 1999/02/16 v1.0f Enhanced LaTeX Graphics (DPC,SPQR)

("C:\Program Files (x86)\MiKTeX 2.8\tex\latex\graphics\keyval.sty"
Package: keyval 1999/03/16 v1.13 key=value parser (DPC)
\KV@toks@=\toks14
)
("C:\Program Files (x86)\MiKTeX 2.8\tex\latex\graphics\graphics.sty"
Package: graphics 2009/02/05 v1.0o Standard LaTeX Graphics (DPC,SPQR)

("C:\Program Files (x86)\MiKTeX 2.8\tex\latex\graphics\trig.sty"
Package: trig 1999/03/16 v1.09 sin cos tan (DPC)
)
("C:\Program Files (x86)\MiKTeX 2.8\tex\latex\00miktex\graphics.cfg"
File: graphics.cfg 2007/01/18 v1.5 graphics configuration of teTeX/TeXLive
)
Package graphics Info: Driver file: pdftex.def on input line 91.

("C:\Program Files (x86)\MiKTeX 2.8\tex\latex\pdftex-def\pdftex.def"
File: pdftex.def 2010/02/14 v0.04n Graphics/color for pdfTeX
\Gread@gobject=\count87
))
\Gin@req@height=\dimen103
\Gin@req@width=\dimen104
)
("C:\Program Files (x86)\MiKTeX 2.8\tex\latex\graphics\epsfig.sty"
Package: epsfig 1999/02/16 v1.7a (e)psfig emulation (SPQR)
\epsfxsize=\dimen105
\epsfysize=\dimen106
)
("C:\Program Files (x86)\MiKTeX 2.8\tex\latex\ams\math\amsmath.sty"
Package: amsmath 2000/07/18 v2.13 AMS math features
\@mathmargin=\skip43

For additional information on amsmath, use the `?' option.
("C:\Program Files (x86)\MiKTeX 2.8\tex\latex\ams\math\amstext.sty"
Package: amstext 2000/06/29 v2.01

("C:\Program Files (x86)\MiKTeX 2.8\tex\latex\ams\math\amsgen.sty"
File: amsgen.sty 1999/11/30 v2.0
\@emptytoks=\toks15
\ex@=\dimen107
))
("C:\Program Files (x86)\MiKTeX 2.8\tex\latex\ams\math\amsbsy.sty"
Package: amsbsy 1999/11/29 v1.2d
\pmbraise@=\dimen108
)
("C:\Program Files (x86)\MiKTeX 2.8\tex\latex\ams\math\amsopn.sty"
Package: amsopn 1999/12/14 v2.01 operator names
)
\inf@bad=\count88
LaTeX Info: Redefining \frac on input line 211.
\uproot@=\count89
\leftroot@=\count90
LaTeX Info: Redefining \overline on input line 307.
\classnum@=\count91
\DOTSCASE@=\count92
LaTeX Info: Redefining \ldots on input line 379.
LaTeX Info: Redefining \dots on input line 382.
LaTeX Info: Redefining \cdots on input line 467.
\Mathstrutbox@=\box26
\strutbox@=\box27
\big@size=\dimen109
LaTeX Font Info:    Redeclaring font encoding OML on input line 567.
LaTeX Font Info:    Redeclaring font encoding OMS on input line 568.
\macc@depth=\count93
\c@MaxMatrixCols=\count94
\dotsspace@=\muskip10
\c@parentequation=\count95
\dspbrk@lvl=\count96
\tag@help=\toks16
\row@=\count97
\column@=\count98
\maxfields@=\count99
\andhelp@=\toks17
\eqnshift@=\dimen110
\alignsep@=\dimen111
\tagshift@=\dimen112
\tagwidth@=\dimen113
\totwidth@=\dimen114
\lineht@=\dimen115
\@envbody=\toks18
\multlinegap=\skip44
\multlinetaggap=\skip45
\mathdisplay@stack=\toks19
LaTeX Info: Redefining \[ on input line 2666.
LaTeX Info: Redefining \] on input line 2667.
)
("C:\Program Files (x86)\MiKTeX 2.8\tex\latex\amsfonts\amssymb.sty"
Package: amssymb 2009/06/22 v3.00

("C:\Program Files (x86)\MiKTeX 2.8\tex\latex\amsfonts\amsfonts.sty"
Package: amsfonts 2009/06/22 v3.00 Basic AMSFonts support
\symAMSa=\mathgroup4
\symAMSb=\mathgroup5
LaTeX Font Info:    Overwriting math alphabet `\mathfrak' in version `bold'
(Font)                  U/euf/m/n --> U/euf/b/n on input line 96.
))
("C:\Program Files (x86)\MiKTeX 2.8\tex\latex\base\latexsym.sty"
Package: latexsym 1998/08/17 v2.2e Standard LaTeX package (lasy symbols)
\symlasy=\mathgroup6
LaTeX Font Info:    Overwriting symbol font `lasy' in version `bold'
(Font)                  U/lasy/m/n --> U/lasy/b/n on input line 47.
)
("C:\Program Files (x86)\MiKTeX 2.8\tex\generic\babel\babel.sty"
Package: babel 2008/07/06 v3.8l The Babel package

*************************************
* Local config file bblopts.cfg used
*
("C:\Program Files (x86)\MiKTeX 2.8\tex\latex\00miktex\bblopts.cfg"
File: bblopts.cfg 2006/07/31 v1.0 MiKTeX 'babel' configuration
)
("C:\Program Files (x86)\MiKTeX 2.8\tex\generic\babel\english.ldf"
Language: english 2005/03/30 v3.3o English support from the babel system

("C:\Program Files (x86)\MiKTeX 2.8\tex\generic\babel\babel.def"
File: babel.def 2008/07/06 v3.8l Babel common definitions
\babel@savecnt=\count100
\U@D=\dimen116
)
\l@canadian = a dialect from \language\l@american 
\l@australian = a dialect from \language\l@british 
\l@newzealand = a dialect from \language\l@british 
))
("C:\Users\eric\Dropbox\svn\trunk\users\Eric.Davis\WeeklyReports\weekly report 
july 27th.aux")
LaTeX Font Info:    Checking defaults for OML/cmm/m/it on input line 28.
LaTeX Font Info:    ... okay on input line 28.
LaTeX Font Info:    Checking defaults for T1/cmr/m/n on input line 28.
LaTeX Font Info:    ... okay on input line 28.
LaTeX Font Info:    Checking defaults for OT1/cmr/m/n on input line 28.
LaTeX Font Info:    ... okay on input line 28.
LaTeX Font Info:    Checking defaults for OMS/cmsy/m/n on input line 28.
LaTeX Font Info:    ... okay on input line 28.
LaTeX Font Info:    Checking defaults for OMX/cmex/m/n on input line 28.
LaTeX Font Info:    ... okay on input line 28.
LaTeX Font Info:    Checking defaults for U/cmr/m/n on input line 28.
LaTeX Font Info:    ... okay on input line 28.

("C:\Program Files (x86)\MiKTeX 2.8\tex\context\base\supp-pdf.tex"
[Loading MPS to PDF converter (version 2006.09.02).]
\scratchcounter=\count101
\scratchdimen=\dimen117
\scratchbox=\box28
\nofMPsegments=\count102
\nofMParguments=\count103
\everyMPshowfont=\toks20
\MPscratchCnt=\count104
\MPscratchDim=\dimen118
\MPnumerator=\count105
\everyMPtoPDFconversion=\toks21
)
LaTeX Font Info:    Try loading font information for U+msa on input line 29.
 ("C:\Program Files (x86)\MiKTeX 2.8\tex\latex\amsfonts\umsa.fd"
File: umsa.fd 2009/06/22 v3.00 AMS symbols A
)
LaTeX Font Info:    Try loading font information for U+msb on input line 29.

("C:\Program Files (x86)\MiKTeX 2.8\tex\latex\amsfonts\umsb.fd"
File: umsb.fd 2009/06/22 v3.00 AMS symbols B
)
LaTeX Font Info:    Try loading font information for U+lasy on input line 29.

("C:\Program Files (x86)\MiKTeX 2.8\tex\latex\base\ulasy.fd"
File: ulasy.fd 1998/08/17 v2.2e LaTeX symbol font definitions
)
<gillam_jupiter_filled_data_11_20_2011.jpg, id=1, 740.0147pt x 439.6425pt>
File: gillam_jupiter_filled_data_11_20_2011.jpg Graphic file (type jpg)

<use gillam_jupiter_filled_data_11_20_2011.jpg>
<gillam_average_fill.jpg, id=2, 734.745pt x 435.12563pt>
File: gillam_average_fill.jpg Graphic file (type jpg)

<use gillam_average_fill.jpg>

LaTeX Warning: `!h' float specifier changed to `!ht'.

[1

{C:/ProgramData/MiKTeX/2.8/pdftex/config/pdftex.map} <C:/Users/eric/Dropbox/svn
/trunk/users/Eric.Davis/WeeklyReports/gillam_jupiter_filled_data_11_20_2011.jpg
>] <filter0_FWHM.jpg, id=11, 439.6425pt x 248.42813pt>
File: filter0_FWHM.jpg Graphic file (type jpg)

<use filter0_FWHM.jpg>

LaTeX Warning: `!h' float specifier changed to `!ht'.

<filter1_FWHM.jpg, id=12, 435.12563pt x 255.20343pt>
File: filter1_FWHM.jpg Graphic file (type jpg)
 <use filter1_FWHM.jpg>

LaTeX Warning: `!h' float specifier changed to `!ht'.

<filter2_FWHM.jpg, id=13, 429.10312pt x 249.18094pt>
File: filter2_FWHM.jpg Graphic file (type jpg)
 <use filter2_FWHM.jpg>

LaTeX Warning: `!h' float specifier changed to `!ht'.

<filter3_FWHM.jpg, id=14, 431.36156pt x 247.67531pt>
File: filter3_FWHM.jpg Graphic file (type jpg)
 <use filter3_FWHM.jpg>

LaTeX Warning: `!h' float specifier changed to `!ht'.

<filter4_FWHM.jpg, id=15, 429.85594pt x 249.93375pt>
File: filter4_FWHM.jpg Graphic file (type jpg)
 <use filter4_FWHM.jpg>

LaTeX Warning: `!h' float specifier changed to `!ht'.

<filter5_FWHM.jpg, id=16, 426.84468pt x 252.19218pt>
File: filter5_FWHM.jpg Graphic file (type jpg)
 <use filter5_FWHM.jpg>

LaTeX Warning: `!h' float specifier changed to `!ht'.

<filter7_FWHM.jpg, id=17, 426.84468pt x 252.945pt>
File: filter7_FWHM.jpg Graphic file (type jpg)
 <use filter7_FWHM.jpg>

LaTeX Warning: `!h' float specifier changed to `!ht'.

[2 <C:/Users/eric/Dropbox/svn/trunk/users/Eric.Davis/WeeklyReports/gillam_avera
ge_fill.jpg>] [3 <C:/Users/eric/Dropbox/svn/trunk/users/Eric.Davis/WeeklyReport
s/filter0_FWHM.jpg> <C:/Users/eric/Dropbox/svn/trunk/users/Eric.Davis/WeeklyRep
orts/filter1_FWHM.jpg>] [4 <C:/Users/eric/Dropbox/svn/trunk/users/Eric.Davis/We
eklyReports/filter2_FWHM.jpg> <C:/Users/eric/Dropbox/svn/trunk/users/Eric.Davis
/WeeklyReports/filter3_FWHM.jpg>] [5 <C:/Users/eric/Dropbox/svn/trunk/users/Eri
c.Davis/WeeklyReports/filter4_FWHM.jpg> <C:/Users/eric/Dropbox/svn/trunk/users/
Eric.Davis/WeeklyReports/filter5_FWHM.jpg>] [6 <C:/Users/eric/Dropbox/svn/trunk
/users/Eric.Davis/WeeklyReports/filter7_FWHM.jpg>]
("C:\Users\eric\Dropbox\svn\trunk\users\Eric.Davis\WeeklyReports\weekly report 
july 27th.aux") ) 
Here is how much of TeX's memory you used:
 2190 strings out of 495285
 27630 string characters out of 3179882
 78699 words of memory out of 3000000
 5371 multiletter control sequences out of 15000+200000
 9807 words of font info for 39 fonts, out of 3000000 for 9000
 14 hyphenation exceptions out of 8191
 27i,6n,24p,834b,204s stack positions out of 5000i,500n,10000p,200000b,50000s
<C:/Program Files (x86)/MiKTeX 2.8/fonts/type1/public/amsfonts
/cm/cmbx12.pfb><C:/Program Files (x86)/MiKTeX 2.8/fonts/type1/public/amsfonts/c
m/cmr10.pfb><C:/Program Files (x86)/MiKTeX 2.8/fonts/type1/public/amsfonts/cm/c
mr12.pfb><C:/Program Files (x86)/MiKTeX 2.8/fonts/type1/public/amsfonts/cm/cmr1
7.pfb>
Output written on "weekly report july 27th.pdf" (6 pages, 392248 bytes).
PDF statistics:
 46 PDF objects out of 1000 (max. 8388607)
 0 named destinations out of 1000 (max. 500000)
 46 words of extra memory for PDF output out of 10000 (max. 10000000)

